0 info it worked if it ends with ok
1 verbose cli [ 'node', '/usr/local/bin/npm', 'init' ]
2 info using npm@1.4.28
3 info using node@v0.10.35
4 verbose config Skipping project config: /Users/fuerst/.npmrc. (matches userconfig)
5 silly package data undefined
6 info init written successfully
7 error Error: Invalid name: "Ti.360°View"
7 error     at ensureValidName (/usr/local/lib/node_modules/npm/node_modules/read-package-json/node_modules/normalize-package-data/lib/fixer.js:315:15)
7 error     at Object.module.exports.fixNameField (/usr/local/lib/node_modules/npm/node_modules/read-package-json/node_modules/normalize-package-data/lib/fixer.js:204:5)
7 error     at /usr/local/lib/node_modules/npm/node_modules/read-package-json/node_modules/normalize-package-data/lib/normalize.js:30:38
7 error     at Array.forEach (native)
7 error     at normalize (/usr/local/lib/node_modules/npm/node_modules/read-package-json/node_modules/normalize-package-data/lib/normalize.js:29:15)
7 error     at final (/usr/local/lib/node_modules/npm/node_modules/read-package-json/read-json.js:342:33)
7 error     at then (/usr/local/lib/node_modules/npm/node_modules/read-package-json/read-json.js:126:33)
7 error     at /usr/local/lib/node_modules/npm/node_modules/read-package-json/read-json.js:331:40
7 error     at evalmachine.<anonymous>:272:14
7 error     at /usr/local/lib/node_modules/npm/node_modules/graceful-fs/graceful-fs.js:102:5
8 error If you need help, you may report this *entire* log,
8 error including the npm and node versions, at:
8 error     <http://github.com/npm/npm/issues>
9 error System Darwin 14.4.0
10 error command "node" "/usr/local/bin/npm" "init"
11 error cwd /Users/fuerst/Documents/Appcelerator_Studio_Workspace/Ti.360°View
12 error node -v v0.10.35
13 error npm -v 1.4.28
14 verbose exit [ 1, true ]
