
Thu Sep 03 2015 15:35:21 GMT+0200 (CEST)

Operating System
  Name                        = Mac OS X
  Version                     = 10.10.4
  Architecture                = 64bit
  # CPUs                      = 4
  Memory                      = 8589934592

Node.js
  Node.js Version             = 0.10.35
  npm Version                 = 1.4.28

Titanium CLI
  CLI Version                 = 4.0.1

Titanium SDK
  SDK Version                 = 4.1.0.GA
  SDK Path                    = /Users/fuerst/Library/Application Support/Titanium/mobilesdk/osx/4.1.0.GA
  Target Platform             = iphone

Command
  /usr/local/bin/node /Users/fuerst/.appcelerator/install/4.1.0/package/node_modules/appc-cli-titanium/node_modules/titanium/bin/titanium build --platform iphone --log-level trace --sdk 4.1.0.GA --project-dir /Users/fuerst/Documents/Appcelerator_Studio_Workspace/Ti.360°View --target simulator --ios-version 8.4 --device-family universal --deploy-type development --sim-type iphone --sim-version 8.4 --device-id 759C7DB7-BDB1-4C35-9030-02C0C6F0AF90 --skip-js-minify --no-colors --no-progress-bars --no-prompt --prompt-type socket-bundle --prompt-port 49386 --config-file /var/folders/25/yvdn9h053sv3htdkzq8558k40000gn/T/build-1441287319061.json --no-banner

[DEBUG]  Detecting modules in /Users/fuerst/Library/Application Support/Titanium/modules
[DEBUG]  Detected android module: analytics.google 1.0 @ /Users/fuerst/Library/Application Support/Titanium/modules/android/analytics.google/1.0
[DEBUG]  Detected android module: appcelerator.encrypteddatabase 1.0.4 @ /Users/fuerst/Library/Application Support/Titanium/modules/android/appcelerator.encrypteddatabase/1.0.4
[DEBUG]  Detected android module: bencoding.alarmmanager 0.11 @ /Users/fuerst/Library/Application Support/Titanium/modules/android/bencoding.alarmmanager/0.11
[DEBUG]  Detected android module: bencoding.alarmmanager 0.123 @ /Users/fuerst/Library/Application Support/Titanium/modules/android/bencoding.alarmmanager/0.123
[DEBUG]  Detected android module: bencoding.alarmmanager 0.123RAI @ /Users/fuerst/Library/Application Support/Titanium/modules/android/bencoding.alarmmanager/0.123RAI
[DEBUG]  Detected android module: bencoding.alarmmanager 0.13 @ /Users/fuerst/Library/Application Support/Titanium/modules/android/bencoding.alarmmanager/0.13
[DEBUG]  Detected android module: bencoding.android.tools 0.31 @ /Users/fuerst/Library/Application Support/Titanium/modules/android/bencoding.android.tools/0.31
[DEBUG]  Detected android module: bencoding.blur 0.1 @ /Users/fuerst/Library/Application Support/Titanium/modules/android/bencoding.blur/0.1
[DEBUG]  Detected android module: bencoding.utterance 0.5 @ /Users/fuerst/Library/Application Support/Titanium/modules/android/bencoding.utterance/0.5
[DEBUG]  Detected android module: co.il.webe.speechrecognizer 1.0 @ /Users/fuerst/Library/Application Support/Titanium/modules/android/co.il.webe.speechrecognizer/1.0
[DEBUG]  Detected android module: co.lanica.almixer 0.1 @ /Users/fuerst/Library/Application Support/Titanium/modules/android/co.lanica.almixer/0.1
[DEBUG]  Detected android module: co.lanica.chipmunk2d 0.2 @ /Users/fuerst/Library/Application Support/Titanium/modules/android/co.lanica.chipmunk2d/0.2
[DEBUG]  Detected android module: com.alcoapps.actionbarextras 1.6.1 @ /Users/fuerst/Library/Application Support/Titanium/modules/android/com.alcoapps.actionbarextras/1.6.1
[DEBUG]  Detected android module: com.alcoapps.actionbarextras 1.6.5 @ /Users/fuerst/Library/Application Support/Titanium/modules/android/com.alcoapps.actionbarextras/1.6.5
[DEBUG]  Detected android module: com.appcelerator.apm 1.1.1 @ /Users/fuerst/Library/Application Support/Titanium/modules/android/com.appcelerator.apm/1.1.1
[DEBUG]  Detected android module: com.gbaldera.titouchgallery 1.1 @ /Users/fuerst/Library/Application Support/Titanium/modules/android/com.gbaldera.titouchgallery/1.1
[DEBUG]  Detected android module: com.gbaldera.titouchgallery 1.2 @ /Users/fuerst/Library/Application Support/Titanium/modules/android/com.gbaldera.titouchgallery/1.2
[DEBUG]  Detected android module: com.googlecode.quicktigame2d 1.0 @ /Users/fuerst/Library/Application Support/Titanium/modules/android/com.googlecode.quicktigame2d/1.0
[DEBUG]  Detected android module: com.ionrod.accountmanager 1.0.0 @ /Users/fuerst/Library/Application Support/Titanium/modules/android/com.ionrod.accountmanager/1.0.0
[DEBUG]  Detected android module: com.liferay.beacons 0.1 @ /Users/fuerst/Library/Application Support/Titanium/modules/android/com.liferay.beacons/0.1
[DEBUG]  Detected android module: com.mcongrove.pebble 1.1 @ /Users/fuerst/Library/Application Support/Titanium/modules/android/com.mcongrove.pebble/1.1
[DEBUG]  Detected android module: com.mirasense.scanditsdk 4.3.0 @ /Users/fuerst/Library/Application Support/Titanium/modules/android/com.mirasense.scanditsdk/4.3.0
[DEBUG]  Detected android module: com.navid.tabs 1.0 @ /Users/fuerst/Library/Application Support/Titanium/modules/android/com.navid.tabs/1.0
[DEBUG]  Detected android module: com.rkam.swiperefreshlayout 0.4.1 @ /Users/fuerst/Library/Application Support/Titanium/modules/android/com.rkam.swiperefreshlayout/0.4.1
[DEBUG]  Detected android module: com.tripvi.drawerlayout 1.1.1 @ /Users/fuerst/Library/Application Support/Titanium/modules/android/com.tripvi.drawerlayout/1.1.1
[DEBUG]  Detected android module: com.tripvi.drawerlayout 1.2.2 @ /Users/fuerst/Library/Application Support/Titanium/modules/android/com.tripvi.drawerlayout/1.2.2
[DEBUG]  Detected android module: com.wikitude.ti 4.1.0 @ /Users/fuerst/Library/Application Support/Titanium/modules/android/com.wikitude.ti/4.1.0
[DEBUG]  Detected android module: de.manumaticx.androidflip 1.0.1 @ /Users/fuerst/Library/Application Support/Titanium/modules/android/de.manumaticx.androidflip/1.0.1
[DEBUG]  Detected android module: de.manumaticx.crouton 1.2.3 @ /Users/fuerst/Library/Application Support/Titanium/modules/android/de.manumaticx.crouton/1.2.3
[DEBUG]  Detected android module: de.manumaticx.crouton 1.2.4 @ /Users/fuerst/Library/Application Support/Titanium/modules/android/de.manumaticx.crouton/1.2.4
[DEBUG]  Detected android module: de.marcelpociot.circularslider 1.0 @ /Users/fuerst/Library/Application Support/Titanium/modules/android/de.marcelpociot.circularslider/1.0
[DEBUG]  Detected android module: dk.napp.flashlight 1.0 @ /Users/fuerst/Library/Application Support/Titanium/modules/android/dk.napp.flashlight/1.0
[DEBUG]  Detected android module: facebook 3.0.3 @ /Users/fuerst/Library/Application Support/Titanium/modules/android/facebook/3.0.3
[DEBUG]  Detected android module: facebook 4.0.3 @ /Users/fuerst/Library/Application Support/Titanium/modules/android/facebook/4.0.3
[DEBUG]  Detected android module: facebook 4.0.4 @ /Users/fuerst/Library/Application Support/Titanium/modules/android/facebook/4.0.4
[DEBUG]  Detected android module: facebook 4.0.5 @ /Users/fuerst/Library/Application Support/Titanium/modules/android/facebook/4.0.5
[DEBUG]  Detected android module: io.platino 2.9.0 @ /Users/fuerst/Library/Application Support/Titanium/modules/android/io.platino/2.9.0
[DEBUG]  Detected android module: jp.isisredirect.speechrecognizer 2.0 @ /Users/fuerst/Library/Application Support/Titanium/modules/android/jp.isisredirect.speechrecognizer/2.0
[DEBUG]  Detected android module: jp.isisredirect.speechrecognizer 3.0 @ /Users/fuerst/Library/Application Support/Titanium/modules/android/jp.isisredirect.speechrecognizer/3.0
[DEBUG]  Detected android module: miga.tibeacon 1.6.3 @ /Users/fuerst/Library/Application Support/Titanium/modules/android/miga.tibeacon/1.6.3
[DEBUG]  Detected android module: net.iamyellow.gcmjs 0.2 @ /Users/fuerst/Library/Application Support/Titanium/modules/android/net.iamyellow.gcmjs/0.2
[DEBUG]  Detected android module: net.iamyellow.tiws 0.1 @ /Users/fuerst/Library/Application Support/Titanium/modules/android/net.iamyellow.tiws/0.1
[DEBUG]  Detected android module: org.bcbhh 1.0.0 @ /Users/fuerst/Library/Application Support/Titanium/modules/android/org.bcbhh/1.0.0
[DEBUG]  Detected android module: org.iotashan.TiTouchImageView 1.0.0 @ /Users/fuerst/Library/Application Support/Titanium/modules/android/org.iotashan.titouchimageview/1.0.0
[DEBUG]  Detected android module: org.iotashan.TiTouchImageView 1.0.1 @ /Users/fuerst/Library/Application Support/Titanium/modules/android/org.iotashan.titouchimageview/1.0.1
[DEBUG]  Detected android module: org.mumumu.ti.android.speech 0.3 @ /Users/fuerst/Library/Application Support/Titanium/modules/android/org.mumumu.ti.android.speech/0.3
[DEBUG]  Detected android module: ti.barcode 1.7 @ /Users/fuerst/Library/Application Support/Titanium/modules/android/ti.barcode/1.7
[DEBUG]  Detected android module: ti.barcode 2.3.0 @ /Users/fuerst/Library/Application Support/Titanium/modules/android/ti.barcode/2.3.0
[DEBUG]  Detected android module: ti.cloudpush 2.0.1 @ /Users/fuerst/Library/Application Support/Titanium/modules/android/ti.cloudpush/2.0.1
[DEBUG]  Detected android module: ti.cloudpush 2.0.5 @ /Users/fuerst/Library/Application Support/Titanium/modules/android/ti.cloudpush/2.0.5
[DEBUG]  Detected android module: ti.cloudpush 2.0.7 @ /Users/fuerst/Library/Application Support/Titanium/modules/android/ti.cloudpush/2.0.7
[DEBUG]  Detected android module: ti.cloudpush 2.1.0 @ /Users/fuerst/Library/Application Support/Titanium/modules/android/ti.cloudpush/2.1.0
[DEBUG]  Detected android module: ti.cloudpush 2.2.0 @ /Users/fuerst/Library/Application Support/Titanium/modules/android/ti.cloudpush/2.2.0
[DEBUG]  Detected android module: ti.cloudpush 2.3.0 @ /Users/fuerst/Library/Application Support/Titanium/modules/android/ti.cloudpush/2.3.0
[DEBUG]  Detected android module: ti.cloudpush 2.3.2 @ /Users/fuerst/Library/Application Support/Titanium/modules/android/ti.cloudpush/2.3.2
[DEBUG]  Detected android module: ti.cloudpush 2.3.3 @ /Users/fuerst/Library/Application Support/Titanium/modules/android/ti.cloudpush/2.3.3
[DEBUG]  Detected android module: ti.cloudpush 3.2.0 @ /Users/fuerst/Library/Application Support/Titanium/modules/android/ti.cloudpush/3.2.0
[DEBUG]  Detected android module: ti.cloudpush 3.2.1 @ /Users/fuerst/Library/Application Support/Titanium/modules/android/ti.cloudpush/3.2.1
[DEBUG]  Detected android module: ti.cloudpush 3.3.0 @ /Users/fuerst/Library/Application Support/Titanium/modules/android/ti.cloudpush/3.3.0
[DEBUG]  Detected android module: ti.cloudpush 3.3.4 @ /Users/fuerst/Library/Application Support/Titanium/modules/android/ti.cloudpush/3.3.4
[DEBUG]  Detected android module: ti.cloudpush 3.3.5 @ /Users/fuerst/Library/Application Support/Titanium/modules/android/ti.cloudpush/3.3.5
[DEBUG]  Detected android module: ti.cloudpush 3.3.7 @ /Users/fuerst/Library/Application Support/Titanium/modules/android/ti.cloudpush/3.3.7
[DEBUG]  Detected android module: ti.cloudpush 3.3.8 @ /Users/fuerst/Library/Application Support/Titanium/modules/android/ti.cloudpush/3.3.8
[DEBUG]  Detected android module: ti.compression 1.0 @ /Users/fuerst/Library/Application Support/Titanium/modules/android/ti.compression/1.0
[DEBUG]  Detected android module: ti.compression 2.0 @ /Users/fuerst/Library/Application Support/Titanium/modules/android/ti.compression/2.0
[DEBUG]  Detected android module: ti.draggable 1.2.3 @ /Users/fuerst/Library/Application Support/Titanium/modules/android/ti.draggable/1.2.3
[DEBUG]  Detected android module: ti.draggable 2.0.3 @ /Users/fuerst/Library/Application Support/Titanium/modules/android/ti.draggable/2.0.3
[DEBUG]  Detected android module: ti.expansionfiles 1.0.1 @ /Users/fuerst/Library/Application Support/Titanium/modules/android/ti.expansionfiles/1.0.1
[DEBUG]  Detected android module: ti.flurry 1.2.0 @ /Users/fuerst/Library/Application Support/Titanium/modules/android/ti.flurry/1.2.0
[DEBUG]  Detected android module: ti.ga 1.0.0 @ /Users/fuerst/Library/Application Support/Titanium/modules/android/ti.ga/1.0.0
[DEBUG]  Detected android module: ti.googleanalytics 1.1 @ /Users/fuerst/Library/Application Support/Titanium/modules/android/ti.googleanalytics/1.1
[DEBUG]  Detected android module: ti.imagefactory 2.2.1 @ /Users/fuerst/Library/Application Support/Titanium/modules/android/ti.imagefactory/2.2.1
[DEBUG]  Detected android module: ti.light 0.1 @ /Users/fuerst/Library/Application Support/Titanium/modules/android/ti.light/0.1
[DEBUG]  Detected android module: ti.map 2.1.2 @ /Users/fuerst/Library/Application Support/Titanium/modules/android/ti.map/2.1.2
[DEBUG]  Detected android module: ti.map 2.1.2.nf @ /Users/fuerst/Library/Application Support/Titanium/modules/android/ti.map/2.1.2.nf
[DEBUG]  Detected android module: ti.map 2.1.3 @ /Users/fuerst/Library/Application Support/Titanium/modules/android/ti.map/2.1.3
[DEBUG]  Detected android module: ti.map 2.1.4.fixed @ /Users/fuerst/Library/Application Support/Titanium/modules/android/ti.map/2.1.4.fixed
[DEBUG]  Detected android module: ti.map 2.1.5 @ /Users/fuerst/Library/Application Support/Titanium/modules/android/ti.map/2.1.5
[DEBUG]  Detected android module: ti.map 2.2.2 @ /Users/fuerst/Library/Application Support/Titanium/modules/android/ti.map/2.2.2
[DEBUG]  Detected android module: ti.map 2.2.3 @ /Users/fuerst/Library/Application Support/Titanium/modules/android/ti.map/2.2.3
[DEBUG]  Detected android module: ti.map 2.3.0 @ /Users/fuerst/Library/Application Support/Titanium/modules/android/ti.map/2.3.0
[DEBUG]  Detected android module: ti.map 2.3.1 @ /Users/fuerst/Library/Application Support/Titanium/modules/android/ti.map/2.3.1
[DEBUG]  Detected android module: ti.map 3.0.0 @ /Users/fuerst/Library/Application Support/Titanium/modules/android/ti.map/3.0.0
[DEBUG]  Detected android module: ti.map 3.0.0.Rai @ /Users/fuerst/Library/Application Support/Titanium/modules/android/ti.map/3.0.0.Rai
[DEBUG]  Detected android module: ti.mely 0.1 @ /Users/fuerst/Library/Application Support/Titanium/modules/android/ti.mely/0.1
[DEBUG]  Detected android module: ti.sq 0.2 @ /Users/fuerst/Library/Application Support/Titanium/modules/android/ti.sq/0.2
[DEBUG]  Detected android module: titutorial.audiorecorder 0.1 @ /Users/fuerst/Library/Application Support/Titanium/modules/android/titutorial.audiorecorder/0.1
[DEBUG]  Detected android module: titutorial.ratingbar 0.1 @ /Users/fuerst/Library/Application Support/Titanium/modules/android/titutorial.ratingbar/0.1
[DEBUG]  Detected android module: titutorial.youtubeplayer 0.1 @ /Users/fuerst/Library/Application Support/Titanium/modules/android/titutorial.youtubeplayer/0.1
[DEBUG]  Detected android module: yy.tidialogs 0.3 @ /Users/fuerst/Library/Application Support/Titanium/modules/android/yy.tidialogs/0.3
[DEBUG]  Detected android module: yy.tidialogs 0.4 @ /Users/fuerst/Library/Application Support/Titanium/modules/android/yy.tidialogs/0.4
[DEBUG]  Detected commonjs module: co.lanica.chipmunk2d.debugdraw 1.0.0 @ /Users/fuerst/Library/Application Support/Titanium/modules/commonjs/co.lanica.chipmunk2d.debugdraw/1.0.0
[DEBUG]  Detected commonjs module: co.lanica.platino 1.0.0 @ /Users/fuerst/Library/Application Support/Titanium/modules/commonjs/co.lanica.platino/1.0.0
[DEBUG]  Detected commonjs module: com.baqend.js-sdk 0.9.3-SNAPSHOT @ /Users/fuerst/Library/Application Support/Titanium/modules/commonjs/com.baqend.js-sdk/0.9.3-SNAPSHOT
[DEBUG]  Detected commonjs module: org.favo.promise 1.0.0 @ /Users/fuerst/Library/Application Support/Titanium/modules/commonjs/org.favo.promise/1.0.0
[DEBUG]  Detected commonjs module: pdfmake 0.1.18 @ /Users/fuerst/Library/Application Support/Titanium/modules/commonjs/pdfmake/0.1.18
[DEBUG]  Detected commonjs module: superagent 0.7.0 @ /Users/fuerst/Library/Application Support/Titanium/modules/commonjs/superagent/0.7.0
[DEBUG]  Detected commonjs module: ti.cloud 2.3.0 @ /Users/fuerst/Library/Application Support/Titanium/modules/commonjs/ti.cloud/2.3.0
[DEBUG]  Detected commonjs module: ti.cloud 2.3.7 @ /Users/fuerst/Library/Application Support/Titanium/modules/commonjs/ti.cloud/2.3.7
[DEBUG]  Detected commonjs module: ti.cloud 3.2.0 @ /Users/fuerst/Library/Application Support/Titanium/modules/commonjs/ti.cloud/3.2.0
[DEBUG]  Detected commonjs module: ti.cloud 3.2.1 @ /Users/fuerst/Library/Application Support/Titanium/modules/commonjs/ti.cloud/3.2.1
[DEBUG]  Detected commonjs module: ti.cloud 3.2.3 @ /Users/fuerst/Library/Application Support/Titanium/modules/commonjs/ti.cloud/3.2.3
[DEBUG]  Detected commonjs module: ti.cloud 3.2.5 @ /Users/fuerst/Library/Application Support/Titanium/modules/commonjs/ti.cloud/3.2.5
[DEBUG]  Detected commonjs module: ti.cloud 3.2.7 @ /Users/fuerst/Library/Application Support/Titanium/modules/commonjs/ti.cloud/3.2.7
[DEBUG]  Detected commonjs module: ti.cloud 3.2.8 @ /Users/fuerst/Library/Application Support/Titanium/modules/commonjs/ti.cloud/3.2.8
[DEBUG]  Detected commonjs module: ti.cloud 3.2.9 @ /Users/fuerst/Library/Application Support/Titanium/modules/commonjs/ti.cloud/3.2.9
[DEBUG]  Detected commonjs module: ti.js2xml 0.1.4 @ /Users/fuerst/Library/Application Support/Titanium/modules/commonjs/ti.js2xml/0.1.4
[DEBUG]  Detected commonjs module: tinkerforge 2.0.2 @ /Users/fuerst/Library/Application Support/Titanium/modules/commonjs/tinkerforge/2.0.2
[DEBUG]  Detected iphone module: ag.calendar 1.2.8 @ /Users/fuerst/Library/Application Support/Titanium/modules/iphone/ag.calendar/1.2.8
[DEBUG]  Detected iphone module: analytics.google 1.0 @ /Users/fuerst/Library/Application Support/Titanium/modules/iphone/analytics.google/1.0
[DEBUG]  Detected iphone module: appcelerator.encrypteddatabase 1.0.4 @ /Users/fuerst/Library/Application Support/Titanium/modules/iphone/appcelerator.encrypteddatabase/1.0.4
[DEBUG]  Detected iphone module: BCB.bonjourService 1.0.0 @ /Users/fuerst/Library/Application Support/Titanium/modules/iphone/bcb.bonjourservice/1.0.0
[DEBUG]  Detected iphone module: BCB.bonjourService 1.0.1 @ /Users/fuerst/Library/Application Support/Titanium/modules/iphone/bcb.bonjourservice/1.0.1
[DEBUG]  Detected iphone module: BCB.bonjourService 1.0.2 @ /Users/fuerst/Library/Application Support/Titanium/modules/iphone/bcb.bonjourservice/1.0.2
[DEBUG]  Detected iphone module: BCB.bonjourService 1.0.3 @ /Users/fuerst/Library/Application Support/Titanium/modules/iphone/bcb.bonjourservice/1.0.3
[DEBUG]  Detected iphone module: BCB.bonjourService 1.0.4 @ /Users/fuerst/Library/Application Support/Titanium/modules/iphone/bcb.bonjourservice/1.0.4
[DEBUG]  Detected iphone module: be.k0suke.tiisrefreshcontrol 0.2 @ /Users/fuerst/Library/Application Support/Titanium/modules/iphone/be.k0suke.tiisrefreshcontrol/0.2
[DEBUG]  Detected iphone module: bencoding.dictionary 1.2.1 @ /Users/fuerst/Library/Application Support/Titanium/modules/iphone/bencoding.dictionary/1.2.1
[DEBUG]  Detected iphone module: bencoding.localnotify 0.44 @ /Users/fuerst/Library/Application Support/Titanium/modules/iphone/bencoding.localnotify/0.44
[DEBUG]  Detected iphone module: bencoding.localnotify 0.45 @ /Users/fuerst/Library/Application Support/Titanium/modules/iphone/bencoding.localnotify/0.45
[DEBUG]  Detected iphone module: bencoding.utterance 0.5.beta @ /Users/fuerst/Library/Application Support/Titanium/modules/iphone/bencoding.utterance/0.5.beta
[DEBUG]  Detected iphone module: co.lanica.almixer 0.5 @ /Users/fuerst/Library/Application Support/Titanium/modules/iphone/co.lanica.almixer/0.5
[DEBUG]  Detected iphone module: co.lanica.chipmunk2d 0.5 @ /Users/fuerst/Library/Application Support/Titanium/modules/iphone/co.lanica.chipmunk2d/0.5
[DEBUG]  Detected iphone module: com.0x82.sharekit 0.3 @ /Users/fuerst/Library/Application Support/Titanium/modules/iphone/com.0x82.sharekit/0.3
[DEBUG]  Detected iphone module: com.0x82.sharekit 0.4 @ /Users/fuerst/Library/Application Support/Titanium/modules/iphone/com.0x82.sharekit/0.4
[DEBUG]  Detected iphone module: com.apaladini.devicemodel 0.1 @ /Users/fuerst/Library/Application Support/Titanium/modules/iphone/com.apaladini.devicemodel/0.1
[DEBUG]  Detected iphone module: com.appcelerator.apm 1.1.1 @ /Users/fuerst/Library/Application Support/Titanium/modules/iphone/com.appcelerator.apm/1.1.1
[DEBUG]  Detected iphone module: com.appcelerator.urlSession 1.0.0 @ /Users/fuerst/Library/Application Support/Titanium/modules/iphone/com.appcelerator.urlSession/1.0.0
[DEBUG]  Detected iphone module: com.appcelerator.urlSession 1.0.1 @ /Users/fuerst/Library/Application Support/Titanium/modules/iphone/com.appcelerator.urlSession/1.0.1
[DEBUG]  Detected iphone module: com.appcelerator.urlSession 1.1.0 @ /Users/fuerst/Library/Application Support/Titanium/modules/iphone/com.appcelerator.urlSession/1.1.0
[DEBUG]  Detected iphone module: com.appcelerator.urlSession 1.1.1 @ /Users/fuerst/Library/Application Support/Titanium/modules/iphone/com.appcelerator.urlSession/1.1.1
[DEBUG]  Detected iphone module: com.appmodulator.offline 1.3 @ /Users/fuerst/Library/Application Support/Titanium/modules/iphone/com.appmodulator.offline/1.3
[DEBUG]  Detected iphone module: com.googlecode.quicktigame2d 1.0 @ /Users/fuerst/Library/Application Support/Titanium/modules/iphone/com.googlecode.quicktigame2d/1.0
[DEBUG]  Detected iphone module: com.infinery.pageflip 1.0 @ /Users/fuerst/Library/Application Support/Titanium/modules/iphone/com.infinery.pageflip/1.0
[DEBUG]  Detected iphone module: com.kuchbee.quickpdf 2.0 @ /Users/fuerst/Library/Application Support/Titanium/modules/iphone/com.kuchbee.quickpdf/2.0
[DEBUG]  Detected iphone module: com.mcongrove.pebble 1.1 @ /Users/fuerst/Library/Application Support/Titanium/modules/iphone/com.mcongrove.pebble/1.1
[DEBUG]  Detected iphone module: com.mfogg.squarecamera 0.7 @ /Users/fuerst/Library/Application Support/Titanium/modules/iphone/com.mfogg.squarecamera/0.7
[DEBUG]  Detected iphone module: com.mirasense.scanditsdk 4.3.0 @ /Users/fuerst/Library/Application Support/Titanium/modules/iphone/com.mirasense.scanditsdk/4.3.0
[DEBUG]  Detected iphone module: com.obscure.ticarousel 1.2 @ /Users/fuerst/Library/Application Support/Titanium/modules/iphone/com.obscure.ticarousel/1.2
[DEBUG]  Detected iphone module: com.omorandi 0.2 @ /Users/fuerst/Library/Application Support/Titanium/modules/iphone/com.omorandi/0.2
[DEBUG]  Detected iphone module: com.polancomedia.mapbox 0.4 @ /Users/fuerst/Library/Application Support/Titanium/modules/iphone/com.polancomedia.mapbox/0.4
[DEBUG]  Detected iphone module: com.pspdfkit 3.5.0 @ /Users/fuerst/Library/Application Support/Titanium/modules/iphone/com.pspdfkit/3.5.0
[DEBUG]  Detected iphone module: com.ti.calendar 0.1 @ /Users/fuerst/Library/Application Support/Titanium/modules/iphone/com.ti.calendar/0.1
[DEBUG]  Detected iphone module: com.wikitude.ti 4.1.0 @ /Users/fuerst/Library/Application Support/Titanium/modules/iphone/com.wikitude.ti/4.1.0
[DEBUG]  Detected iphone module: com.yydigital.tintswitch 0.2.1 @ /Users/fuerst/Library/Application Support/Titanium/modules/iphone/com.yydigital.tintswitch/0.2.1
[DEBUG]  Detected iphone module: de.appwerft.sqlitemirror 1.0.0 @ /Users/fuerst/Library/Application Support/Titanium/modules/iphone/de.appwerft.sqlitemirror/1.0.0
[DEBUG]  Detected iphone module: de.appwerft.testjsmodule 1.0.0 @ /Users/fuerst/Library/Application Support/Titanium/modules/iphone/de.appwerft.testjsmodule/1.0.0
[DEBUG]  Detected iphone module: de.appwerft.view360 1.0.0 @ /Users/fuerst/Library/Application Support/Titanium/modules/iphone/de.appwerft.view360/1.0.0
[DEBUG]  Detected iphone module: de.marcelpociot.circularprogress 1.1 @ /Users/fuerst/Library/Application Support/Titanium/modules/iphone/de.marcelpociot.circularprogress/1.1
[DEBUG]  Detected iphone module: de.marcelpociot.circularslider 1.1.0 @ /Users/fuerst/Library/Application Support/Titanium/modules/iphone/de.marcelpociot.circularslider/1.1.0
[DEBUG]  Detected iphone module: de.marcelpociot.transitioncontroller 1.0.0 @ /Users/fuerst/Library/Application Support/Titanium/modules/iphone/de.marcelpociot.transitioncontroller/1.0.0
[DEBUG]  Detected iphone module: dk.napp.drawer 1.1.6 @ /Users/fuerst/Library/Application Support/Titanium/modules/iphone/dk.napp.drawer/1.1.6
[DEBUG]  Detected iphone module: dk.napp.imageview 1.0.1 @ /Users/fuerst/Library/Application Support/Titanium/modules/iphone/dk.napp.imageview/1.0.1
[DEBUG]  Detected iphone module: dk.napp.slidemenu 1.4.2 @ /Users/fuerst/Library/Application Support/Titanium/modules/iphone/dk.napp.slidemenu/1.4.2
[DEBUG]  Detected iphone module: dk.napp.social 1.7.9 @ /Users/fuerst/Library/Application Support/Titanium/modules/iphone/dk.napp.social/1.7.9
[DEBUG]  Detected iphone module: dk.napp.ui 1.2.3 @ /Users/fuerst/Library/Application Support/Titanium/modules/iphone/dk.napp.ui/1.2.3
[DEBUG]  Detected iphone module: facebook 3.1.1 @ /Users/fuerst/Library/Application Support/Titanium/modules/iphone/facebook/3.1.1
[DEBUG]  Detected iphone module: facebook 3.1.2 @ /Users/fuerst/Library/Application Support/Titanium/modules/iphone/facebook/3.1.2
[DEBUG]  Detected iphone module: facebook 3.2.0 @ /Users/fuerst/Library/Application Support/Titanium/modules/iphone/facebook/3.2.0
[DEBUG]  Detected iphone module: facebook 4.0.0 @ /Users/fuerst/Library/Application Support/Titanium/modules/iphone/facebook/4.0.0
[DEBUG]  Detected iphone module: facebook 4.0.3 @ /Users/fuerst/Library/Application Support/Titanium/modules/iphone/facebook/4.0.3
[DEBUG]  Detected iphone module: facebook 4.0.4 @ /Users/fuerst/Library/Application Support/Titanium/modules/iphone/facebook/4.0.4
[DEBUG]  Detected iphone module: facebook 4.0.5 @ /Users/fuerst/Library/Application Support/Titanium/modules/iphone/facebook/4.0.5
[DEBUG]  Detected iphone module: io.platino 2.9.0 @ /Users/fuerst/Library/Application Support/Titanium/modules/iphone/io.platino/2.9.0
[DEBUG]  Detected iphone module: me.izen.tabbar 1.0 @ /Users/fuerst/Library/Application Support/Titanium/modules/iphone/me.izen.tabbar/1.0
[DEBUG]  Detected iphone module: net.iamyellow.tiws 0.3 @ /Users/fuerst/Library/Application Support/Titanium/modules/iphone/net.iamyellow.tiws/0.3
[DEBUG]  Detected iphone module: net.iamyellow.tiws 0.5 @ /Users/fuerst/Library/Application Support/Titanium/modules/iphone/net.iamyellow.tiws/0.5
[DEBUG]  Detected iphone module: org.bcbhh.iosflipview 1.0.12 @ /Users/fuerst/Library/Application Support/Titanium/modules/iphone/org.bcbhh.iosflipview/1.0.12
[DEBUG]  Detected iphone module: org.bcbhh.iosflipview 1.0.13 @ /Users/fuerst/Library/Application Support/Titanium/modules/iphone/org.bcbhh.iosflipview/1.0.13
[DEBUG]  Detected iphone module: org.bcbhh.iosflipview 1.0.14 @ /Users/fuerst/Library/Application Support/Titanium/modules/iphone/org.bcbhh.iosflipview/1.0.14
[DEBUG]  Detected iphone module: org.beuckman.tibeacons 0.82 @ /Users/fuerst/Library/Application Support/Titanium/modules/iphone/org.beuckman.tibeacons/0.82
[DEBUG]  Detected iphone module: path.animator 1.0 @ /Users/fuerst/Library/Application Support/Titanium/modules/iphone/path.animator/1.0
[DEBUG]  Detected iphone module: ti.airprint 1.2 @ /Users/fuerst/Library/Application Support/Titanium/modules/iphone/ti.airprint/1.2
[DEBUG]  Detected iphone module: ti.barcode 1.8.1 @ /Users/fuerst/Library/Application Support/Titanium/modules/iphone/ti.barcode/1.8.1
[DEBUG]  Detected iphone module: ti.box2d 0.9 @ /Users/fuerst/Library/Application Support/Titanium/modules/iphone/ti.box2d/0.9
[DEBUG]  Detected iphone module: ti.charts 1.4 @ /Users/fuerst/Library/Application Support/Titanium/modules/iphone/ti.charts/1.4
[DEBUG]  Detected iphone module: ti.columns 1.2 @ /Users/fuerst/Library/Application Support/Titanium/modules/iphone/ti.columns/1.2
[DEBUG]  Detected iphone module: ti.compression 1.0 @ /Users/fuerst/Library/Application Support/Titanium/modules/iphone/ti.compression/1.0
[DEBUG]  Detected iphone module: ti.coremotion 1.0.1 @ /Users/fuerst/Library/Application Support/Titanium/modules/iphone/ti.coremotion/1.0.1
[DEBUG]  Detected iphone module: ti.coremotion 1.1.0 @ /Users/fuerst/Library/Application Support/Titanium/modules/iphone/ti.coremotion/1.1.0
[DEBUG]  Detected iphone module: ti.draggable 2.0.4 @ /Users/fuerst/Library/Application Support/Titanium/modules/iphone/ti.draggable/2.0.4
[DEBUG]  Detected iphone module: ti.flurry 1.5 @ /Users/fuerst/Library/Application Support/Titanium/modules/iphone/ti.flurry/1.5
[DEBUG]  Detected iphone module: ti.ga 1.0.1 @ /Users/fuerst/Library/Application Support/Titanium/modules/iphone/ti.ga/1.0.1
[DEBUG]  Detected iphone module: ti.gamekit 1.4 @ /Users/fuerst/Library/Application Support/Titanium/modules/iphone/ti.gamekit/1.4
[DEBUG]  Detected iphone module: ti.googleanalytics 1.2 @ /Users/fuerst/Library/Application Support/Titanium/modules/iphone/ti.googleanalytics/1.2
[DEBUG]  Detected iphone module: ti.googleanalytics 1.4 @ /Users/fuerst/Library/Application Support/Titanium/modules/iphone/ti.googleanalytics/1.4
[DEBUG]  Detected iphone module: ti.imagefactory 1.1 @ /Users/fuerst/Library/Application Support/Titanium/modules/iphone/ti.imagefactory/1.1
[DEBUG]  Detected iphone module: ti.light 0.1 @ /Users/fuerst/Library/Application Support/Titanium/modules/iphone/ti.light/0.1
[DEBUG]  Detected iphone module: ti.map 2.2.0 @ /Users/fuerst/Library/Application Support/Titanium/modules/iphone/ti.map/2.2.0
[DEBUG]  Detected iphone module: ti.map 2.2.1 @ /Users/fuerst/Library/Application Support/Titanium/modules/iphone/ti.map/2.2.1
[DEBUG]  Detected iphone module: ti.map 2.2.2 @ /Users/fuerst/Library/Application Support/Titanium/modules/iphone/ti.map/2.2.2
[DEBUG]  Detected iphone module: ti.map 2.3.1 @ /Users/fuerst/Library/Application Support/Titanium/modules/iphone/ti.map/2.3.1
[DEBUG]  Detected iphone module: ti.mely 0.1 @ /Users/fuerst/Library/Application Support/Titanium/modules/iphone/ti.mely/0.1
[DEBUG]  Detected iphone module: ti.pageflip 1.8.3 @ /Users/fuerst/Library/Application Support/Titanium/modules/iphone/ti.pageflip/1.8.3
[DEBUG]  Detected iphone module: ti.paint 1.0 @ /Users/fuerst/Library/Application Support/Titanium/modules/iphone/ti.paint/1.0
[DEBUG]  Detected iphone module: ti.paint 1.1 @ /Users/fuerst/Library/Application Support/Titanium/modules/iphone/ti.paint/1.1
[DEBUG]  Detected iphone module: ti.paint 1.3 @ /Users/fuerst/Library/Application Support/Titanium/modules/iphone/ti.paint/1.3
[DEBUG]  Detected iphone module: ti.paypal 1.3 @ /Users/fuerst/Library/Application Support/Titanium/modules/iphone/ti.paypal/1.3
[DEBUG]  Detected iphone module: ti.quicklook 1.2 @ /Users/fuerst/Library/Application Support/Titanium/modules/iphone/ti.quicklook/1.2
[DEBUG]  Detected iphone module: ti.sms 1.0 @ /Users/fuerst/Library/Application Support/Titanium/modules/iphone/ti.sms/1.0
[DEBUG]  Detected iphone module: ti.soundsampler 1.0 @ /Users/fuerst/Library/Application Support/Titanium/modules/iphone/ti.soundsampler/1.0
[DEBUG]  Detected iphone module: ti.sq 0.4 @ /Users/fuerst/Library/Application Support/Titanium/modules/iphone/ti.sq/0.4
[DEBUG]  Detected iphone module: ti.storekit 1.2 @ /Users/fuerst/Library/Application Support/Titanium/modules/iphone/ti.storekit/1.2
[DEBUG]  Detected iphone module: ti.styledlabel 1.5.1 @ /Users/fuerst/Library/Application Support/Titanium/modules/iphone/ti.styledlabel/1.5.1
[DEBUG]  Detected iphone module: ti.touchid 1.0 @ /Users/fuerst/Library/Application Support/Titanium/modules/iphone/ti.touchid/1.0
[DEBUG]  Detected iphone module: ti.touchid 1.1.0 @ /Users/fuerst/Library/Application Support/Titanium/modules/iphone/ti.touchid/1.1.0
[DEBUG]  Detected iphone module: ti.tvout 1.1 @ /Users/fuerst/Library/Application Support/Titanium/modules/iphone/ti.tvout/1.1
[DEBUG]  Detected iphone module: tibar 0.4.1 @ /Users/fuerst/Library/Application Support/Titanium/modules/iphone/tibar/0.4.1
[DEBUG]  Detected iphone module: tibar 0.4.2 @ /Users/fuerst/Library/Application Support/Titanium/modules/iphone/tibar/0.4.2
[DEBUG]  Detected tizen module: tizen 3.0.0 @ /Users/fuerst/Library/Application Support/Titanium/modules/tizen/tizen/3.0.0
[DEBUG]  Detecting modules in /Library/Application Support/Titanium/modules
[DEBUG]  Detected android module: analytics.google 1.0 @ /Library/Application Support/Titanium/modules/android/analytics.google/1.0
[DEBUG]  Detected android module: bencoding.alarmmanager 0.11 @ /Library/Application Support/Titanium/modules/android/bencoding.alarmmanager/0.11
[DEBUG]  Detected android module: bencoding.alarmmanager 0.123 @ /Library/Application Support/Titanium/modules/android/bencoding.alarmmanager/0.123
[DEBUG]  Detected android module: bencoding.alarmmanager 0.123RAI @ /Library/Application Support/Titanium/modules/android/bencoding.alarmmanager/0.123RAI
[DEBUG]  Detected android module: bencoding.alarmmanager 0.13 @ /Library/Application Support/Titanium/modules/android/bencoding.alarmmanager/0.13
[DEBUG]  Detected android module: bencoding.android.tools 0.31 @ /Library/Application Support/Titanium/modules/android/bencoding.android.tools/0.31
[DEBUG]  Detected android module: bencoding.blur 0.1 @ /Library/Application Support/Titanium/modules/android/bencoding.blur/0.1
[DEBUG]  Detected android module: co.il.webe.speechrecognizer 1.0 @ /Library/Application Support/Titanium/modules/android/co.il.webe.speechrecognizer/1.0
[DEBUG]  Detected android module: com.alcoapps.actionbarextras 1.6.1 @ /Library/Application Support/Titanium/modules/android/com.alcoapps.actionbarextras/1.6.1
[DEBUG]  Detected android module: com.alcoapps.actionbarextras 1.6.5 @ /Library/Application Support/Titanium/modules/android/com.alcoapps.actionbarextras/1.6.5
[DEBUG]  Detected android module: com.appcelerator.apm 1.1.1 @ /Library/Application Support/Titanium/modules/android/com.appcelerator.apm/1.1.1
[DEBUG]  Detected android module: com.batasoft.appicons 2.0 @ /Library/Application Support/Titanium/modules/android/com.batasoft.appicons/2.0
[DEBUG]  Detected android module: com.gbaldera.titouchgallery 1.1 @ /Library/Application Support/Titanium/modules/android/com.gbaldera.titouchgallery/1.1
[DEBUG]  Detected android module: com.gbaldera.titouchgallery 1.2 @ /Library/Application Support/Titanium/modules/android/com.gbaldera.titouchgallery/1.2
[DEBUG]  Detected android module: com.googlecode.quicktigame2d 1.0 @ /Library/Application Support/Titanium/modules/android/com.googlecode.quicktigame2d/1.0
[DEBUG]  Detected android module: com.ionrod.accountmanager 1.0.0 @ /Library/Application Support/Titanium/modules/android/com.ionrod.accountmanager/1.0.0
[DEBUG]  Detected android module: com.liferay.beacons 0.1 @ /Library/Application Support/Titanium/modules/android/com.liferay.beacons/0.1
[DEBUG]  Detected android module: com.mcongrove.pebble 1.1 @ /Library/Application Support/Titanium/modules/android/com.mcongrove.pebble/1.1
[DEBUG]  Detected android module: com.mirasense.scanditsdk 4.3.0 @ /Library/Application Support/Titanium/modules/android/com.mirasense.scanditsdk/4.3.0
[DEBUG]  Detected android module: com.mykingdom.mupdf 1.8 @ /Library/Application Support/Titanium/modules/android/com.mykingdom.mupdf/1.8
[DEBUG]  Detected android module: com.navid.tabs 1.0 @ /Library/Application Support/Titanium/modules/android/com.navid.tabs/1.0
[DEBUG]  Detected android module: com.rkam.swiperefreshlayout 0.4.1 @ /Library/Application Support/Titanium/modules/android/com.rkam.swiperefreshlayout/0.4.1
[DEBUG]  Detected android module: com.tripvi.drawerlayout 1.1.1 @ /Library/Application Support/Titanium/modules/android/com.tripvi.drawerlayout/1.1.1
[DEBUG]  Detected android module: com.tripvi.drawerlayout 1.2.2 @ /Library/Application Support/Titanium/modules/android/com.tripvi.drawerlayout/1.2.2
[DEBUG]  Detected android module: com.wikitude.ti 4.1.0 @ /Library/Application Support/Titanium/modules/android/com.wikitude.ti/4.1.0
[DEBUG]  Detected android module: com.woohoo.androidaudiostreamer 1.7.1 @ /Library/Application Support/Titanium/modules/android/com.woohoo.androidaudiostreamer/1.7.1
[DEBUG]  Detected android module: de.manumaticx.androidflip 1.0.1 @ /Library/Application Support/Titanium/modules/android/de.manumaticx.androidflip/1.0.1
[DEBUG]  Detected android module: de.manumaticx.crouton 1.2.3 @ /Library/Application Support/Titanium/modules/android/de.manumaticx.crouton/1.2.3
[DEBUG]  Detected android module: de.marcelpociot.circularslider 1.0 @ /Library/Application Support/Titanium/modules/android/de.marcelpociot.circularslider/1.0
[DEBUG]  Detected android module: dk.napp.flashlight 1.0 @ /Library/Application Support/Titanium/modules/android/dk.napp.flashlight/1.0
[DEBUG]  Detected android module: facebook 3.0.3 @ /Library/Application Support/Titanium/modules/android/facebook/3.0.3
[DEBUG]  Detected android module: facebook 4.0.3 @ /Library/Application Support/Titanium/modules/android/facebook/4.0.3
[DEBUG]  Detected android module: facebook 4.0.4 @ /Library/Application Support/Titanium/modules/android/facebook/4.0.4
[DEBUG]  Detected android module: facebook 4.0.5 @ /Library/Application Support/Titanium/modules/android/facebook/4.0.5
[DEBUG]  Detected android module: jp.isisredirect.speechrecognizer 2.0 @ /Library/Application Support/Titanium/modules/android/jp.isisredirect.speechrecognizer/2.0
[DEBUG]  Detected android module: jp.isisredirect.speechrecognizer 3.0 @ /Library/Application Support/Titanium/modules/android/jp.isisredirect.speechrecognizer/3.0
[DEBUG]  Detected android module: miga.tibeacon 1.6.3 @ /Library/Application Support/Titanium/modules/android/miga.tibeacon/1.6.3
[DEBUG]  Detected android module: net.iamyellow.gcmjs 0.2 @ /Library/Application Support/Titanium/modules/android/net.iamyellow.gcmjs/0.2
[DEBUG]  Detected android module: net.iamyellow.tiws 0.1 @ /Library/Application Support/Titanium/modules/android/net.iamyellow.tiws/0.1
[DEBUG]  Detected android module: org.bcbhh 1.0.0 @ /Library/Application Support/Titanium/modules/android/org.bcbhh/1.0.0
[DEBUG]  Detected android module: org.iotashan.TiTouchImageView 1.0.0 @ /Library/Application Support/Titanium/modules/android/org.iotashan.titouchimageview/1.0.0
[DEBUG]  Detected android module: org.iotashan.TiTouchImageView 1.0.1 @ /Library/Application Support/Titanium/modules/android/org.iotashan.titouchimageview/1.0.1
[DEBUG]  Detected android module: org.mumumu.ti.android.speech 0.3 @ /Library/Application Support/Titanium/modules/android/org.mumumu.ti.android.speech/0.3
[DEBUG]  Detected android module: ti.barcode 1.7 @ /Library/Application Support/Titanium/modules/android/ti.barcode/1.7
[DEBUG]  Detected android module: ti.barcode 2.3.0 @ /Library/Application Support/Titanium/modules/android/ti.barcode/2.3.0
[DEBUG]  Detected android module: ti.cloudpush 2.0.1 @ /Library/Application Support/Titanium/modules/android/ti.cloudpush/2.0.1
[DEBUG]  Detected android module: ti.cloudpush 2.0.5 @ /Library/Application Support/Titanium/modules/android/ti.cloudpush/2.0.5
[DEBUG]  Detected android module: ti.cloudpush 2.0.7 @ /Library/Application Support/Titanium/modules/android/ti.cloudpush/2.0.7
[DEBUG]  Detected android module: ti.cloudpush 2.1.0 @ /Library/Application Support/Titanium/modules/android/ti.cloudpush/2.1.0
[DEBUG]  Detected android module: ti.cloudpush 2.2.0 @ /Library/Application Support/Titanium/modules/android/ti.cloudpush/2.2.0
[DEBUG]  Detected android module: ti.cloudpush 2.3.0 @ /Library/Application Support/Titanium/modules/android/ti.cloudpush/2.3.0
[DEBUG]  Detected android module: ti.cloudpush 2.3.2 @ /Library/Application Support/Titanium/modules/android/ti.cloudpush/2.3.2
[DEBUG]  Detected android module: ti.cloudpush 2.3.3 @ /Library/Application Support/Titanium/modules/android/ti.cloudpush/2.3.3
[DEBUG]  Detected android module: ti.cloudpush 3.2.0 @ /Library/Application Support/Titanium/modules/android/ti.cloudpush/3.2.0
[DEBUG]  Detected android module: ti.cloudpush 3.2.1 @ /Library/Application Support/Titanium/modules/android/ti.cloudpush/3.2.1
[DEBUG]  Detected android module: ti.cloudpush 3.3.0 @ /Library/Application Support/Titanium/modules/android/ti.cloudpush/3.3.0
[DEBUG]  Detected android module: ti.cloudpush 3.3.4 @ /Library/Application Support/Titanium/modules/android/ti.cloudpush/3.3.4
[DEBUG]  Detected android module: ti.cloudpush 3.3.5 @ /Library/Application Support/Titanium/modules/android/ti.cloudpush/3.3.5
[DEBUG]  Detected android module: ti.cloudpush 3.3.7 @ /Library/Application Support/Titanium/modules/android/ti.cloudpush/3.3.7
[DEBUG]  Detected android module: ti.cloudpush 3.3.8 @ /Library/Application Support/Titanium/modules/android/ti.cloudpush/3.3.8
[DEBUG]  Detected android module: ti.compression 1.0 @ /Library/Application Support/Titanium/modules/android/ti.compression/1.0
[DEBUG]  Detected android module: ti.compression 2.0 @ /Library/Application Support/Titanium/modules/android/ti.compression/2.0
[DEBUG]  Detected android module: ti.draggable 1.2.3 @ /Library/Application Support/Titanium/modules/android/ti.draggable/1.2.3
[DEBUG]  Detected android module: ti.draggable 2.0.3 @ /Library/Application Support/Titanium/modules/android/ti.draggable/2.0.3
[DEBUG]  Detected android module: ti.expansionfiles 1.0.1 @ /Library/Application Support/Titanium/modules/android/ti.expansionfiles/1.0.1
[DEBUG]  Detected android module: ti.flurry 1.2.0 @ /Library/Application Support/Titanium/modules/android/ti.flurry/1.2.0
[DEBUG]  Detected android module: ti.ga 1.0.0 @ /Library/Application Support/Titanium/modules/android/ti.ga/1.0.0
[DEBUG]  Detected android module: ti.googleanalytics 1.1 @ /Library/Application Support/Titanium/modules/android/ti.googleanalytics/1.1
[DEBUG]  Detected android module: ti.imagefactory 2.2.1 @ /Library/Application Support/Titanium/modules/android/ti.imagefactory/2.2.1
[DEBUG]  Detected android module: ti.light 0.1 @ /Library/Application Support/Titanium/modules/android/ti.light/0.1
[DEBUG]  Detected android module: ti.map 2.1.2 @ /Library/Application Support/Titanium/modules/android/ti.map/2.1.2
[DEBUG]  Detected android module: ti.map 2.1.2.nf @ /Library/Application Support/Titanium/modules/android/ti.map/2.1.2.nf
[DEBUG]  Detected android module: ti.map 2.1.3 @ /Library/Application Support/Titanium/modules/android/ti.map/2.1.3
[DEBUG]  Detected android module: ti.map 2.1.4.fixed @ /Library/Application Support/Titanium/modules/android/ti.map/2.1.4.fixed
[DEBUG]  Detected android module: ti.map 2.1.5 @ /Library/Application Support/Titanium/modules/android/ti.map/2.1.5
[DEBUG]  Detected android module: ti.map 2.2.2 @ /Library/Application Support/Titanium/modules/android/ti.map/2.2.2
[DEBUG]  Detected android module: ti.map 2.2.3 @ /Library/Application Support/Titanium/modules/android/ti.map/2.2.3
[DEBUG]  Detected android module: ti.map 2.3.0 @ /Library/Application Support/Titanium/modules/android/ti.map/2.3.0
[DEBUG]  Detected android module: ti.map 2.3.1 @ /Library/Application Support/Titanium/modules/android/ti.map/2.3.1
[DEBUG]  Detected android module: ti.map 3.0.0 @ /Library/Application Support/Titanium/modules/android/ti.map/3.0.0
[DEBUG]  Detected android module: ti.map 3.0.0.Rai @ /Library/Application Support/Titanium/modules/android/ti.map/3.0.0.Rai
[DEBUG]  Detected android module: ti.mely 0.1 @ /Library/Application Support/Titanium/modules/android/ti.mely/0.1
[DEBUG]  Detected android module: ti.sq 0.2 @ /Library/Application Support/Titanium/modules/android/ti.sq/0.2
[DEBUG]  Detected android module: titutorial.audiorecorder 0.1 @ /Library/Application Support/Titanium/modules/android/titutorial.audiorecorder/0.1
[DEBUG]  Detected android module: titutorial.ratingbar 0.1 @ /Library/Application Support/Titanium/modules/android/titutorial.ratingbar/0.1
[DEBUG]  Detected android module: titutorial.youtubeplayer 0.1 @ /Library/Application Support/Titanium/modules/android/titutorial.youtubeplayer/0.1
[DEBUG]  Detected android module: yy.tidialogs 0.3 @ /Library/Application Support/Titanium/modules/android/yy.tidialogs/0.3
[DEBUG]  Detected android module: yy.tidialogs 0.4 @ /Library/Application Support/Titanium/modules/android/yy.tidialogs/0.4
[DEBUG]  Detected commonjs module: com.baqend.js-sdk 0.9.3-SNAPSHOT @ /Library/Application Support/Titanium/modules/commonjs/com.baqend.js-sdk/0.9.3-SNAPSHOT
[DEBUG]  Detected commonjs module: de.appwerft.qrcode 1.0.0 @ /Library/Application Support/Titanium/modules/commonjs/de.appwerft.qrcode/1.0.0
[DEBUG]  Detected commonjs module: ti-htmlparser2 3.8.0 @ /Library/Application Support/Titanium/modules/commonjs/htmlparser2/3.8.0
[DEBUG]  Detected commonjs module: org.favo.promise 1.0.0 @ /Library/Application Support/Titanium/modules/commonjs/org.favo.promise/1.0.0
[DEBUG]  Detected commonjs module: superagent 0.7.0 @ /Library/Application Support/Titanium/modules/commonjs/superagent/0.7.0
[DEBUG]  Detected commonjs module: ti.cloud 2.3.0 @ /Library/Application Support/Titanium/modules/commonjs/ti.cloud/2.3.0
[DEBUG]  Detected commonjs module: ti.cloud 2.3.7 @ /Library/Application Support/Titanium/modules/commonjs/ti.cloud/2.3.7
[DEBUG]  Detected commonjs module: ti.cloud 3.2.0 @ /Library/Application Support/Titanium/modules/commonjs/ti.cloud/3.2.0
[DEBUG]  Detected commonjs module: ti.cloud 3.2.1 @ /Library/Application Support/Titanium/modules/commonjs/ti.cloud/3.2.1
[DEBUG]  Detected commonjs module: ti.cloud 3.2.3 @ /Library/Application Support/Titanium/modules/commonjs/ti.cloud/3.2.3
[DEBUG]  Detected commonjs module: ti.cloud 3.2.5 @ /Library/Application Support/Titanium/modules/commonjs/ti.cloud/3.2.5
[DEBUG]  Detected commonjs module: ti.cloud 3.2.7 @ /Library/Application Support/Titanium/modules/commonjs/ti.cloud/3.2.7
[DEBUG]  Detected commonjs module: ti.cloud 3.2.8 @ /Library/Application Support/Titanium/modules/commonjs/ti.cloud/3.2.8
[DEBUG]  Detected commonjs module: ti.cloud 3.2.9 @ /Library/Application Support/Titanium/modules/commonjs/ti.cloud/3.2.9
[DEBUG]  Detected commonjs module: ti.js2xml 0.1.4 @ /Library/Application Support/Titanium/modules/commonjs/ti.js2xml/0.1.4
[DEBUG]  Detected commonjs module: tinkerforge 2.0.2 @ /Library/Application Support/Titanium/modules/commonjs/tinkerforge/2.0.2
[DEBUG]  Detected iphone module: ag.calendar 1.2.8 @ /Library/Application Support/Titanium/modules/iphone/ag.calendar/1.2.8
[DEBUG]  Detected iphone module: analytics.google 1.0 @ /Library/Application Support/Titanium/modules/iphone/analytics.google/1.0
[DEBUG]  Detected iphone module: BCB.bonjourService 1.0.0 @ /Library/Application Support/Titanium/modules/iphone/bcb.bonjourservice/1.0.0
[DEBUG]  Detected iphone module: BCB.bonjourService 1.0.1 @ /Library/Application Support/Titanium/modules/iphone/bcb.bonjourservice/1.0.1
[DEBUG]  Detected iphone module: BCB.bonjourService 1.0.2 @ /Library/Application Support/Titanium/modules/iphone/bcb.bonjourservice/1.0.2
[DEBUG]  Detected iphone module: BCB.bonjourService 1.0.3 @ /Library/Application Support/Titanium/modules/iphone/bcb.bonjourservice/1.0.3
[DEBUG]  Detected iphone module: BCB.bonjourService 1.0.4 @ /Library/Application Support/Titanium/modules/iphone/bcb.bonjourservice/1.0.4
[DEBUG]  Detected iphone module: be.k0suke.tiisrefreshcontrol 0.2 @ /Library/Application Support/Titanium/modules/iphone/be.k0suke.tiisrefreshcontrol/0.2
[DEBUG]  Detected iphone module: bencoding.dictionary 1.2.1 @ /Library/Application Support/Titanium/modules/iphone/bencoding.dictionary/1.2.1
[DEBUG]  Detected iphone module: bencoding.localnotify 0.44 @ /Library/Application Support/Titanium/modules/iphone/bencoding.localnotify/0.44
[DEBUG]  Detected iphone module: bencoding.localnotify 0.45 @ /Library/Application Support/Titanium/modules/iphone/bencoding.localnotify/0.45
[DEBUG]  Detected iphone module: com.0x82.sharekit 0.3 @ /Library/Application Support/Titanium/modules/iphone/com.0x82.sharekit/0.3
[DEBUG]  Detected iphone module: com.0x82.sharekit 0.4 @ /Library/Application Support/Titanium/modules/iphone/com.0x82.sharekit/0.4
[DEBUG]  Detected iphone module: com.apaladini.devicemodel 0.1 @ /Library/Application Support/Titanium/modules/iphone/com.apaladini.devicemodel/0.1
[DEBUG]  Detected iphone module: com.appcelerator.apm 1.1.1 @ /Library/Application Support/Titanium/modules/iphone/com.appcelerator.apm/1.1.1
[DEBUG]  Detected iphone module: com.appcelerator.urlSession 1.0.0 @ /Library/Application Support/Titanium/modules/iphone/com.appcelerator.urlSession/1.0.0
[DEBUG]  Detected iphone module: com.appcelerator.urlSession 1.0.1 @ /Library/Application Support/Titanium/modules/iphone/com.appcelerator.urlSession/1.0.1
[DEBUG]  Detected iphone module: com.appcelerator.urlSession 1.1.0 @ /Library/Application Support/Titanium/modules/iphone/com.appcelerator.urlSession/1.1.0
[DEBUG]  Detected iphone module: com.appcelerator.urlSession 1.1.1 @ /Library/Application Support/Titanium/modules/iphone/com.appcelerator.urlSession/1.1.1
[DEBUG]  Detected iphone module: com.appmodulator.offline 1.3 @ /Library/Application Support/Titanium/modules/iphone/com.appmodulator.offline/1.3
[DEBUG]  Detected iphone module: com.batasoft.appicons 2.0 @ /Library/Application Support/Titanium/modules/iphone/com.batasoft.appicons/2.0
[DEBUG]  Detected iphone module: com.googlecode.quicktigame2d 1.0 @ /Library/Application Support/Titanium/modules/iphone/com.googlecode.quicktigame2d/1.0
[DEBUG]  Detected iphone module: com.infinery.pageflip 1.0 @ /Library/Application Support/Titanium/modules/iphone/com.infinery.pageflip/1.0
[DEBUG]  Detected iphone module: com.kuchbee.quickpdf 2.0 @ /Library/Application Support/Titanium/modules/iphone/com.kuchbee.quickpdf/2.0
[DEBUG]  Detected iphone module: com.mcongrove.pebble 1.1 @ /Library/Application Support/Titanium/modules/iphone/com.mcongrove.pebble/1.1
[DEBUG]  Detected iphone module: com.mfogg.squarecamera 0.7 @ /Library/Application Support/Titanium/modules/iphone/com.mfogg.squarecamera/0.7
[DEBUG]  Detected iphone module: com.mirasense.scanditsdk 4.3.0 @ /Library/Application Support/Titanium/modules/iphone/com.mirasense.scanditsdk/4.3.0
[DEBUG]  Detected iphone module: com.obscure.ticarousel 1.2 @ /Library/Application Support/Titanium/modules/iphone/com.obscure.ticarousel/1.2
[DEBUG]  Detected iphone module: com.omorandi 0.2 @ /Library/Application Support/Titanium/modules/iphone/com.omorandi/0.2
[DEBUG]  Detected iphone module: com.polancomedia.mapbox 0.4 @ /Library/Application Support/Titanium/modules/iphone/com.polancomedia.mapbox/0.4
[DEBUG]  Detected iphone module: com.pspdfkit 3.5.0 @ /Library/Application Support/Titanium/modules/iphone/com.pspdfkit/3.5.0
[DEBUG]  Detected iphone module: com.ti.calendar 0.1 @ /Library/Application Support/Titanium/modules/iphone/com.ti.calendar/0.1
[DEBUG]  Detected iphone module: com.wikitude.ti 4.1.0 @ /Library/Application Support/Titanium/modules/iphone/com.wikitude.ti/4.1.0
[DEBUG]  Detected iphone module: com.yydigital.tintswitch 0.2.1 @ /Library/Application Support/Titanium/modules/iphone/com.yydigital.tintswitch/0.2.1
[DEBUG]  Detected iphone module: de.appwerft.sqlitemirror 1.0.0 @ /Library/Application Support/Titanium/modules/iphone/de.appwerft.sqlitemirror/1.0.0
[DEBUG]  Detected iphone module: de.appwerft.testjsmodule 1.0.0 @ /Library/Application Support/Titanium/modules/iphone/de.appwerft.testjsmodule/1.0.0
[DEBUG]  Detected iphone module: de.appwerft.view360 1.0.0 @ /Library/Application Support/Titanium/modules/iphone/de.appwerft.view360/1.0.0
[DEBUG]  Detected iphone module: de.marcelpociot.circularprogress 1.1 @ /Library/Application Support/Titanium/modules/iphone/de.marcelpociot.circularprogress/1.1
[DEBUG]  Detected iphone module: de.marcelpociot.circularslider 1.1.0 @ /Library/Application Support/Titanium/modules/iphone/de.marcelpociot.circularslider/1.1.0
[DEBUG]  Detected iphone module: de.marcelpociot.transitioncontroller 1.0.0 @ /Library/Application Support/Titanium/modules/iphone/de.marcelpociot.transitioncontroller/1.0.0
[DEBUG]  Detected iphone module: dk.napp.drawer 1.1.6 @ /Library/Application Support/Titanium/modules/iphone/dk.napp.drawer/1.1.6
[DEBUG]  Detected iphone module: dk.napp.imageview 1.0.1 @ /Library/Application Support/Titanium/modules/iphone/dk.napp.imageview/1.0.1
[DEBUG]  Detected iphone module: dk.napp.slidemenu 1.4.2 @ /Library/Application Support/Titanium/modules/iphone/dk.napp.slidemenu/1.4.2
[DEBUG]  Detected iphone module: dk.napp.social 1.7.9 @ /Library/Application Support/Titanium/modules/iphone/dk.napp.social/1.7.9
[DEBUG]  Detected iphone module: dk.napp.ui 1.2.3 @ /Library/Application Support/Titanium/modules/iphone/dk.napp.ui/1.2.3
[DEBUG]  Detected iphone module: facebook 3.1.1 @ /Library/Application Support/Titanium/modules/iphone/facebook/3.1.1
[DEBUG]  Detected iphone module: facebook 3.1.2 @ /Library/Application Support/Titanium/modules/iphone/facebook/3.1.2
[DEBUG]  Detected iphone module: facebook 3.2.0 @ /Library/Application Support/Titanium/modules/iphone/facebook/3.2.0
[DEBUG]  Detected iphone module: facebook 4.0.0 @ /Library/Application Support/Titanium/modules/iphone/facebook/4.0.0
[DEBUG]  Detected iphone module: facebook 4.0.3 @ /Library/Application Support/Titanium/modules/iphone/facebook/4.0.3
[DEBUG]  Detected iphone module: facebook 4.0.4 @ /Library/Application Support/Titanium/modules/iphone/facebook/4.0.4
[DEBUG]  Detected iphone module: facebook 4.0.5 @ /Library/Application Support/Titanium/modules/iphone/facebook/4.0.5
[DEBUG]  Detected iphone module: me.izen.tabbar 1.0 @ /Library/Application Support/Titanium/modules/iphone/me.izen.tabbar/1.0
[DEBUG]  Detected iphone module: net.iamyellow.tiws 0.3 @ /Library/Application Support/Titanium/modules/iphone/net.iamyellow.tiws/0.3
[DEBUG]  Detected iphone module: net.iamyellow.tiws 0.5 @ /Library/Application Support/Titanium/modules/iphone/net.iamyellow.tiws/0.5
[DEBUG]  Detected iphone module: org.bcbhh.iosflipview 1.0.12 @ /Library/Application Support/Titanium/modules/iphone/org.bcbhh.iosflipview/1.0.12
[DEBUG]  Detected iphone module: org.bcbhh.iosflipview 1.0.13 @ /Library/Application Support/Titanium/modules/iphone/org.bcbhh.iosflipview/1.0.13
[DEBUG]  Detected iphone module: org.bcbhh.iosflipview 1.0.14 @ /Library/Application Support/Titanium/modules/iphone/org.bcbhh.iosflipview/1.0.14
[DEBUG]  Detected iphone module: org.bcbhh.iosflipview 1.0.15 @ /Library/Application Support/Titanium/modules/iphone/org.bcbhh.iosflipview/1.0.15
[DEBUG]  Detected iphone module: org.beuckman.tibeacons 0.82 @ /Library/Application Support/Titanium/modules/iphone/org.beuckman.tibeacons/0.82
[DEBUG]  Detected iphone module: path.animator 1.0 @ /Library/Application Support/Titanium/modules/iphone/path.animator/1.0
[DEBUG]  Detected iphone module: ti.airprint 1.2 @ /Library/Application Support/Titanium/modules/iphone/ti.airprint/1.2
[DEBUG]  Detected iphone module: ti.barcode 1.8.1 @ /Library/Application Support/Titanium/modules/iphone/ti.barcode/1.8.1
[DEBUG]  Detected iphone module: ti.box2d 0.9 @ /Library/Application Support/Titanium/modules/iphone/ti.box2d/0.9
[DEBUG]  Detected iphone module: ti.charts 1.4 @ /Library/Application Support/Titanium/modules/iphone/ti.charts/1.4
[DEBUG]  Detected iphone module: ti.columns 1.2 @ /Library/Application Support/Titanium/modules/iphone/ti.columns/1.2
[DEBUG]  Detected iphone module: ti.compression 1.0 @ /Library/Application Support/Titanium/modules/iphone/ti.compression/1.0
[DEBUG]  Detected iphone module: ti.coremotion 1.0.1 @ /Library/Application Support/Titanium/modules/iphone/ti.coremotion/1.0.1
[DEBUG]  Detected iphone module: ti.coremotion 1.1.0 @ /Library/Application Support/Titanium/modules/iphone/ti.coremotion/1.1.0
[DEBUG]  Detected iphone module: ti.draggable 2.0.4 @ /Library/Application Support/Titanium/modules/iphone/ti.draggable/2.0.4
[DEBUG]  Detected iphone module: ti.flurry 1.5 @ /Library/Application Support/Titanium/modules/iphone/ti.flurry/1.5
[DEBUG]  Detected iphone module: ti.ga 1.0.1 @ /Library/Application Support/Titanium/modules/iphone/ti.ga/1.0.1
[DEBUG]  Detected iphone module: ti.gamekit 1.4 @ /Library/Application Support/Titanium/modules/iphone/ti.gamekit/1.4
[DEBUG]  Detected iphone module: ti.googleanalytics 1.2 @ /Library/Application Support/Titanium/modules/iphone/ti.googleanalytics/1.2
[DEBUG]  Detected iphone module: ti.googleanalytics 1.4 @ /Library/Application Support/Titanium/modules/iphone/ti.googleanalytics/1.4
[DEBUG]  Detected iphone module: ti.imagefactory 1.1 @ /Library/Application Support/Titanium/modules/iphone/ti.imagefactory/1.1
[DEBUG]  Detected iphone module: ti.light 0.1 @ /Library/Application Support/Titanium/modules/iphone/ti.light/0.1
[DEBUG]  Detected iphone module: ti.map 2.2.0 @ /Library/Application Support/Titanium/modules/iphone/ti.map/2.2.0
[DEBUG]  Detected iphone module: ti.map 2.2.1 @ /Library/Application Support/Titanium/modules/iphone/ti.map/2.2.1
[DEBUG]  Detected iphone module: ti.map 2.2.2 @ /Library/Application Support/Titanium/modules/iphone/ti.map/2.2.2
[DEBUG]  Detected iphone module: ti.map 2.3.1 @ /Library/Application Support/Titanium/modules/iphone/ti.map/2.3.1
[DEBUG]  Detected iphone module: ti.mely 0.1 @ /Library/Application Support/Titanium/modules/iphone/ti.mely/0.1
[DEBUG]  Detected iphone module: ti.pageflip 1.8.3 @ /Library/Application Support/Titanium/modules/iphone/ti.pageflip/1.8.3
[DEBUG]  Detected iphone module: ti.paint 1.0 @ /Library/Application Support/Titanium/modules/iphone/ti.paint/1.0
[DEBUG]  Detected iphone module: ti.paint 1.1 @ /Library/Application Support/Titanium/modules/iphone/ti.paint/1.1
[DEBUG]  Detected iphone module: ti.paint 1.3 @ /Library/Application Support/Titanium/modules/iphone/ti.paint/1.3
[DEBUG]  Detected iphone module: ti.paypal 1.3 @ /Library/Application Support/Titanium/modules/iphone/ti.paypal/1.3
[DEBUG]  Detected iphone module: ti.quicklook 1.2 @ /Library/Application Support/Titanium/modules/iphone/ti.quicklook/1.2
[DEBUG]  Detected iphone module: ti.sms 1.0 @ /Library/Application Support/Titanium/modules/iphone/ti.sms/1.0
[DEBUG]  Detected iphone module: ti.soundsampler 1.0 @ /Library/Application Support/Titanium/modules/iphone/ti.soundsampler/1.0
[DEBUG]  Detected iphone module: ti.sq 0.4 @ /Library/Application Support/Titanium/modules/iphone/ti.sq/0.4
[DEBUG]  Detected iphone module: ti.storekit 1.2 @ /Library/Application Support/Titanium/modules/iphone/ti.storekit/1.2
[DEBUG]  Detected iphone module: ti.styledlabel 1.5.1 @ /Library/Application Support/Titanium/modules/iphone/ti.styledlabel/1.5.1
[DEBUG]  Detected iphone module: ti.touchid 1.0 @ /Library/Application Support/Titanium/modules/iphone/ti.touchid/1.0
[DEBUG]  Detected iphone module: ti.touchid 1.1.0 @ /Library/Application Support/Titanium/modules/iphone/ti.touchid/1.1.0
[DEBUG]  Detected iphone module: ti.tvout 1.1 @ /Library/Application Support/Titanium/modules/iphone/ti.tvout/1.1
[DEBUG]  Detected iphone module: tibar 0.4.1 @ /Library/Application Support/Titanium/modules/iphone/tibar/0.4.1
[DEBUG]  Detected iphone module: tibar 0.4.2 @ /Library/Application Support/Titanium/modules/iphone/tibar/0.4.2
[DEBUG]  Detected tizen module: tizen 3.0.0 @ /Library/Application Support/Titanium/modules/tizen/tizen/3.0.0
[DEBUG]  Looking for Titanium module id=ti.cloud version=latest platform=commonjs deploy-type=development
[INFO]   Found Titanium module id=ti.cloud version=3.2.9 platform=commonjs deploy-type=development path=/Library/Application Support/Titanium/modules/commonjs/ti.cloud/3.2.9
[DEBUG]  No project level plugins to load
[DEBUG]  Titanium SDK iOS directory: /Users/fuerst/Library/Application Support/Titanium/mobilesdk/osx/4.1.0.GA/iphone
[INFO]   Deploy type: development
[INFO]   Building for target: simulator
[INFO]   Building using iOS SDK: 8.4
[INFO]   Building for iOS Simulator: iPhone 5s
[DEBUG]  UDID: 759C7DB7-BDB1-4C35-9030-02C0C6F0AF90
[DEBUG]  Simulator type: iphone
[DEBUG]  Simulator version: 8.4
[INFO]   Building for device family: universal
[DEBUG]  Setting Xcode target to Debug
[DEBUG]  Setting Xcode build OS to iphonesimulator8.4
[DEBUG]  Xcode installation: /Applications/Xcode.app/Contents/Developer
[DEBUG]  iOS WWDR certificate: installed
[INFO]   Minimum iOS version: 7.0
[INFO]   Debugging disabled
[INFO]   Profiler disabled
[INFO]   Initiating prepare phase
[INFO]   Updating Xcode project configuration: project.xcconfig
[DEBUG]  Setting Info.plist CFBundleVersion to 1.0
[DEBUG]  Setting Info.plist CFBundleShortVersionString to 1.0
[DEBUG]  Copying /Users/fuerst/Library/Application Support/Titanium/mobilesdk/osx/4.1.0.GA/iphone/resources/appicon.png => /Users/fuerst/Documents/Appcelerator_Studio_Workspace/Ti.360°View/build/iphone/build/Debug-iphonesimulator/Ti.360°View.app/appicon.png
[INFO]   Initiating Xcode pre-compile phase
[DEBUG]  Ignoring /Users/fuerst/Documents/Appcelerator_Studio_Workspace/Ti.360°View/Resources/.DS_Store
[DEBUG]  Ignoring /Users/fuerst/Documents/Appcelerator_Studio_Workspace/Ti.360°View/Resources/images/.DS_Store
[DEBUG]  Symlinking /Users/fuerst/Documents/Appcelerator_Studio_Workspace/Ti.360°View/Resources/images/1.JPG => /Users/fuerst/Documents/Appcelerator_Studio_Workspace/Ti.360°View/build/iphone/build/Debug-iphonesimulator/Ti.360°View.app/images/1.JPG
[DEBUG]  Symlinking /Users/fuerst/Documents/Appcelerator_Studio_Workspace/Ti.360°View/Resources/images/10.JPG => /Users/fuerst/Documents/Appcelerator_Studio_Workspace/Ti.360°View/build/iphone/build/Debug-iphonesimulator/Ti.360°View.app/images/10.JPG
[DEBUG]  Symlinking /Users/fuerst/Documents/Appcelerator_Studio_Workspace/Ti.360°View/Resources/images/11.JPG => /Users/fuerst/Documents/Appcelerator_Studio_Workspace/Ti.360°View/build/iphone/build/Debug-iphonesimulator/Ti.360°View.app/images/11.JPG
[DEBUG]  Symlinking /Users/fuerst/Documents/Appcelerator_Studio_Workspace/Ti.360°View/Resources/images/12.JPG => /Users/fuerst/Documents/Appcelerator_Studio_Workspace/Ti.360°View/build/iphone/build/Debug-iphonesimulator/Ti.360°View.app/images/12.JPG
[DEBUG]  Symlinking /Users/fuerst/Documents/Appcelerator_Studio_Workspace/Ti.360°View/Resources/images/13.JPG => /Users/fuerst/Documents/Appcelerator_Studio_Workspace/Ti.360°View/build/iphone/build/Debug-iphonesimulator/Ti.360°View.app/images/13.JPG
[DEBUG]  Symlinking /Users/fuerst/Documents/Appcelerator_Studio_Workspace/Ti.360°View/Resources/images/14.JPG => /Users/fuerst/Documents/Appcelerator_Studio_Workspace/Ti.360°View/build/iphone/build/Debug-iphonesimulator/Ti.360°View.app/images/14.JPG
[DEBUG]  Symlinking /Users/fuerst/Documents/Appcelerator_Studio_Workspace/Ti.360°View/Resources/images/15.JPG => /Users/fuerst/Documents/Appcelerator_Studio_Workspace/Ti.360°View/build/iphone/build/Debug-iphonesimulator/Ti.360°View.app/images/15.JPG
[DEBUG]  Symlinking /Users/fuerst/Documents/Appcelerator_Studio_Workspace/Ti.360°View/Resources/images/16.JPG => /Users/fuerst/Documents/Appcelerator_Studio_Workspace/Ti.360°View/build/iphone/build/Debug-iphonesimulator/Ti.360°View.app/images/16.JPG
[DEBUG]  Symlinking /Users/fuerst/Documents/Appcelerator_Studio_Workspace/Ti.360°View/Resources/images/17.JPG => /Users/fuerst/Documents/Appcelerator_Studio_Workspace/Ti.360°View/build/iphone/build/Debug-iphonesimulator/Ti.360°View.app/images/17.JPG
[DEBUG]  Symlinking /Users/fuerst/Documents/Appcelerator_Studio_Workspace/Ti.360°View/Resources/images/18.JPG => /Users/fuerst/Documents/Appcelerator_Studio_Workspace/Ti.360°View/build/iphone/build/Debug-iphonesimulator/Ti.360°View.app/images/18.JPG
[DEBUG]  Symlinking /Users/fuerst/Documents/Appcelerator_Studio_Workspace/Ti.360°View/Resources/images/19.JPG => /Users/fuerst/Documents/Appcelerator_Studio_Workspace/Ti.360°View/build/iphone/build/Debug-iphonesimulator/Ti.360°View.app/images/19.JPG
[DEBUG]  Symlinking /Users/fuerst/Documents/Appcelerator_Studio_Workspace/Ti.360°View/Resources/images/2.JPG => /Users/fuerst/Documents/Appcelerator_Studio_Workspace/Ti.360°View/build/iphone/build/Debug-iphonesimulator/Ti.360°View.app/images/2.JPG
[DEBUG]  Symlinking /Users/fuerst/Documents/Appcelerator_Studio_Workspace/Ti.360°View/Resources/images/20.JPG => /Users/fuerst/Documents/Appcelerator_Studio_Workspace/Ti.360°View/build/iphone/build/Debug-iphonesimulator/Ti.360°View.app/images/20.JPG
[DEBUG]  Symlinking /Users/fuerst/Documents/Appcelerator_Studio_Workspace/Ti.360°View/Resources/images/21.JPG => /Users/fuerst/Documents/Appcelerator_Studio_Workspace/Ti.360°View/build/iphone/build/Debug-iphonesimulator/Ti.360°View.app/images/21.JPG
[DEBUG]  Symlinking /Users/fuerst/Documents/Appcelerator_Studio_Workspace/Ti.360°View/Resources/images/22.JPG => /Users/fuerst/Documents/Appcelerator_Studio_Workspace/Ti.360°View/build/iphone/build/Debug-iphonesimulator/Ti.360°View.app/images/22.JPG
[DEBUG]  Symlinking /Users/fuerst/Documents/Appcelerator_Studio_Workspace/Ti.360°View/Resources/images/23.JPG => /Users/fuerst/Documents/Appcelerator_Studio_Workspace/Ti.360°View/build/iphone/build/Debug-iphonesimulator/Ti.360°View.app/images/23.JPG
[DEBUG]  Symlinking /Users/fuerst/Documents/Appcelerator_Studio_Workspace/Ti.360°View/Resources/images/24.JPG => /Users/fuerst/Documents/Appcelerator_Studio_Workspace/Ti.360°View/build/iphone/build/Debug-iphonesimulator/Ti.360°View.app/images/24.JPG
[DEBUG]  Symlinking /Users/fuerst/Documents/Appcelerator_Studio_Workspace/Ti.360°View/Resources/images/25.JPG => /Users/fuerst/Documents/Appcelerator_Studio_Workspace/Ti.360°View/build/iphone/build/Debug-iphonesimulator/Ti.360°View.app/images/25.JPG
[DEBUG]  Symlinking /Users/fuerst/Documents/Appcelerator_Studio_Workspace/Ti.360°View/Resources/images/26.JPG => /Users/fuerst/Documents/Appcelerator_Studio_Workspace/Ti.360°View/build/iphone/build/Debug-iphonesimulator/Ti.360°View.app/images/26.JPG
[DEBUG]  Symlinking /Users/fuerst/Documents/Appcelerator_Studio_Workspace/Ti.360°View/Resources/images/27.JPG => /Users/fuerst/Documents/Appcelerator_Studio_Workspace/Ti.360°View/build/iphone/build/Debug-iphonesimulator/Ti.360°View.app/images/27.JPG
[DEBUG]  Symlinking /Users/fuerst/Documents/Appcelerator_Studio_Workspace/Ti.360°View/Resources/images/28.JPG => /Users/fuerst/Documents/Appcelerator_Studio_Workspace/Ti.360°View/build/iphone/build/Debug-iphonesimulator/Ti.360°View.app/images/28.JPG
[DEBUG]  Symlinking /Users/fuerst/Documents/Appcelerator_Studio_Workspace/Ti.360°View/Resources/images/3.JPG => /Users/fuerst/Documents/Appcelerator_Studio_Workspace/Ti.360°View/build/iphone/build/Debug-iphonesimulator/Ti.360°View.app/images/3.JPG
[DEBUG]  Symlinking /Users/fuerst/Documents/Appcelerator_Studio_Workspace/Ti.360°View/Resources/images/4.JPG => /Users/fuerst/Documents/Appcelerator_Studio_Workspace/Ti.360°View/build/iphone/build/Debug-iphonesimulator/Ti.360°View.app/images/4.JPG
[DEBUG]  Symlinking /Users/fuerst/Documents/Appcelerator_Studio_Workspace/Ti.360°View/Resources/images/5.JPG => /Users/fuerst/Documents/Appcelerator_Studio_Workspace/Ti.360°View/build/iphone/build/Debug-iphonesimulator/Ti.360°View.app/images/5.JPG
[DEBUG]  Symlinking /Users/fuerst/Documents/Appcelerator_Studio_Workspace/Ti.360°View/Resources/images/6.JPG => /Users/fuerst/Documents/Appcelerator_Studio_Workspace/Ti.360°View/build/iphone/build/Debug-iphonesimulator/Ti.360°View.app/images/6.JPG
[DEBUG]  Symlinking /Users/fuerst/Documents/Appcelerator_Studio_Workspace/Ti.360°View/Resources/images/7.JPG => /Users/fuerst/Documents/Appcelerator_Studio_Workspace/Ti.360°View/build/iphone/build/Debug-iphonesimulator/Ti.360°View.app/images/7.JPG
[DEBUG]  Symlinking /Users/fuerst/Documents/Appcelerator_Studio_Workspace/Ti.360°View/Resources/images/8.JPG => /Users/fuerst/Documents/Appcelerator_Studio_Workspace/Ti.360°View/build/iphone/build/Debug-iphonesimulator/Ti.360°View.app/images/8.JPG
[DEBUG]  Symlinking /Users/fuerst/Documents/Appcelerator_Studio_Workspace/Ti.360°View/Resources/images/9.JPG => /Users/fuerst/Documents/Appcelerator_Studio_Workspace/Ti.360°View/build/iphone/build/Debug-iphonesimulator/Ti.360°View.app/images/9.JPG
[INFO]   Processing JavaScript files
[DEBUG]  Symlinking /Users/fuerst/Documents/Appcelerator_Studio_Workspace/Ti.360°View/Resources/app.js => /Users/fuerst/Documents/Appcelerator_Studio_Workspace/Ti.360°View/build/iphone/build/Debug-iphonesimulator/Ti.360°View.app/app.js
[DEBUG]  Symlinking /Users/fuerst/Documents/Appcelerator_Studio_Workspace/Ti.360°View/Resources/de.appwerft.view360.js => /Users/fuerst/Documents/Appcelerator_Studio_Workspace/Ti.360°View/build/iphone/build/Debug-iphonesimulator/Ti.360°View.app/de.appwerft.view360.js
[DEBUG]  Symlinking /Library/Application Support/Titanium/modules/commonjs/ti.cloud/3.2.9/ti.cloud.js => /Users/fuerst/Documents/Appcelerator_Studio_Workspace/Ti.360°View/build/iphone/build/Debug-iphonesimulator/Ti.360°View.app/ti.cloud.js
[INFO]   Processing Titanium namespace resources
[DEBUG]  Copying /Users/fuerst/Library/Application Support/Titanium/mobilesdk/osx/4.1.0.GA/iphone/modules/ui/images => /Users/fuerst/Documents/Appcelerator_Studio_Workspace/Ti.360°View/build/iphone/build/Debug-iphonesimulator/Ti.360°View.app/modules/ui/images
[INFO]   Skipping xcodebuild
[INFO]   Finished building the application in 233ms
[INFO]   Launching iOS Simulator
[DEBUG]  [ioslib] Removing old log file: /Users/fuerst/Library/Developer/CoreSimulator/Devices/759C7DB7-BDB1-4C35-9030-02C0C6F0AF90/data/Containers/Data/Application/655268EB-2A60-4E09-81A3-B12861737926/Documents/6129f645-8002-4a87-9111-46c2f2de3704.log
[DEBUG]  [ioslib] Executing: /Users/fuerst/Library/Application Support/Titanium/mobilesdk/osx/4.1.0.GA/node_modules/ioslib/lib/ios-sim "launch" "/Users/fuerst/Documents/Appcelerator_Studio_Workspace/Ti.360°View/build/iphone/build/Debug-iphonesimulator/Ti.360°View.app" "--verbose" "--xcode-dir" "/Applications/Xcode.app/Contents/Developer" "--udid" "759C7DB7-BDB1-4C35-9030-02C0C6F0AF90" "--timeout" "180"
[DEBUG]  [ioslib] Executing: osascript "/Users/fuerst/Library/Application Support/Titanium/mobilesdk/osx/4.1.0.GA/node_modules/ioslib/lib/iphone_sim_activate.scpt" "/Applications/Xcode.app/Contents/Developer/Applications/iOS Simulator.app"
[DEBUG]  [ioslib] [ios-sim] [DEBUG] App Spec: <DTiPhoneSimulatorApplicationSpecifier 0x7f8bcac155d0> specified by app path /Users/fuerst/Documents/Appcelerator_Studio_Workspace/Ti.360°View/build/iphone/build/Debug-iphonesimulator/Ti.360°View.app
[DEBUG]  [ioslib] [ios-sim] [DEBUG] SDK Root: <DTiPhoneSimulatorSystemRoot 0x7f8bcac25e60> path=/Applications/Xcode.app/Contents/Developer/Platforms/iPhoneSimulator.platform/Developer/SDKs/iPhoneSimulator.sdk
[DEBUG]  [ioslib] [ios-sim] [DEBUG] Creating named pipe at `/var/folders/25/yvdn9h053sv3htdkzq8558k40000gn/T//ios-sim-stderr-pipe-1441287322'
[DEBUG]  [ioslib] [ios-sim] [DEBUG] Creating named pipe at `/var/folders/25/yvdn9h053sv3htdkzq8558k40000gn/T//ios-sim-stdout-pipe-1441287322'
[DEBUG]  [ioslib] [ios-sim] [DEBUG] using device family iphone
[DEBUG]  [ioslib] [ios-sim] [DEBUG] Comparing B5B6B385-E99C-4921-B0B2-93104B781DAE == 759C7DB7-BDB1-4C35-9030-02C0C6F0AF90
[DEBUG]  [ioslib] [ios-sim] [DEBUG] Comparing 68AAC9D8-0B61-4ABE-931A-3E33524033E6 == 759C7DB7-BDB1-4C35-9030-02C0C6F0AF90
[DEBUG]  [ioslib] [ios-sim] [DEBUG] Comparing 759C7DB7-BDB1-4C35-9030-02C0C6F0AF90 == 759C7DB7-BDB1-4C35-9030-02C0C6F0AF90
[DEBUG]  [ioslib] [ios-sim] [DEBUG] set device to : iPhone 5s
[DEBUG]  [ioslib] [ios-sim] [DEBUG] Session started
[DEBUG]  [ioslib] Found application log file: /Users/fuerst/Library/Developer/CoreSimulator/Devices/759C7DB7-BDB1-4C35-9030-02C0C6F0AF90/data/Containers/Data/Application/42A58028-BFE7-43CC-864C-DEF9F5E63C0E/Documents/6129f645-8002-4a87-9111-46c2f2de3704.log
[INFO]   Project built successfully in 4s 921ms
